WARN: Symbol er is declared but not referenced [opening_hours.js:3321,17]
WARN: Symbol er is declared but not referenced [opening_hours.js:3324,17]
WARN: Symbol msec_in_week is declared but not referenced [opening_hours.js:3379,12]
WARN: Symbol issues_url is declared but not referenced [opening_hours.js:3383,12]
WARN: Symbol prettified_group_value is declared but not referenced [opening_hours.js:4051,24]
WARN: Accidental global?: type [opening_hours.js:4437,24]
WARN: arguments used in function matchTokens [opening_hours.js:4501,8]
WARN: Symbol date is declared but not referenced [opening_hours.js:4549,49]
WARN: Symbol get_last_token_pos_in_token_group is declared but not referenced [opening_hours.js:4651,17]
WARN: Symbol date is declared but not referenced [opening_hours.js:5008,53]
WARN: Symbol is_point_in_time is declared but not referenced [opening_hours.js:5050,130]
WARN: Symbol extended_open_end is declared but not referenced [opening_hours.js:5084,166]
WARN: Symbol minutes_from is declared but not referenced [opening_hours.js:5149,57]
WARN: Symbol date is declared but not referenced [opening_hours.js:5393,56]
WARN: Symbol holidays is declared but not referenced [opening_hours.js:5543,28]
WARN: Symbol date is declared but not referenced [opening_hours.js:6020,53]
WARN: Symbol is_range is declared but not referenced [opening_hours.js:6023,73]
WARN: Symbol tokens is declared but not referenced [opening_hours.js:6161,44]
WARN: Symbol at is declared but not referenced [opening_hours.js:6161,52]
WARN: Symbol is_range is declared but not referenced [opening_hours.js:6161,78]
WARN: Label rule is declared but not referenced [opening_hours.js:6560,12]
